<?xml version="1.0" encoding="UTF-8"?>
<!-- Generated by org.testng.reporters.JUnitReportReporter -->
<testsuite hostname="DESKTOP-1UIQG5E" failures="0" tests="6" name="JBK.JavaByKiranAutomationScenarios.TestUsers" time="1.669" errors="0" timestamp="31 Jul 2023 15:22:00 GMT" skipped="0">
  <testcase classname="JBK.JavaByKiranAutomationScenarios.TestUsers" name="correctLoginWithKiran" time="1.163"/>
  <testcase classname="JBK.JavaByKiranAutomationScenarios.TestUsers" name="goToUsersPage" time="0.162"/>
  <testcase classname="JBK.JavaByKiranAutomationScenarios.TestUsers" name="validationMobileNumberforPersons" time="0.121"/>
  <testcase classname="JBK.JavaByKiranAutomationScenarios.TestUsers" name="validationEmailAddressforPersons" time="0.097"/>
  <testcase classname="JBK.JavaByKiranAutomationScenarios.TestUsers" name="validationGenderforPersons" time="0.096"/>
  <testcase classname="JBK.JavaByKiranAutomationScenarios.TestUsers" name="validationMobileNumberforKiran" time="0.030"/>
</testsuite> <!-- JBK.JavaByKiranAutomationScenarios.TestUsers -->
