<?xml version="1.0" encoding="UTF-8"?>
<!-- Generated by org.testng.reporters.JUnitReportReporter -->
<testsuite hostname="DESKTOP-1UIQG5E" failures="0" tests="5" name="JBK.JavaByKiranAutomationScenarios.TestDashBoard" time="4.578" errors="0" timestamp="03 Aug 2023 15:42:05 GMT" skipped="0">
  <testcase classname="JBK.JavaByKiranAutomationScenarios.TestDashBoard" name="loginWithKiran" time="0.770"/>
  <testcase classname="JBK.JavaByKiranAutomationScenarios.TestDashBoard" name="allCourses" time="1.575"/>
  <testcase classname="JBK.JavaByKiranAutomationScenarios.TestDashBoard" name="iteminNavigationMenu" time="0.704"/>
  <testcase classname="JBK.JavaByKiranAutomationScenarios.TestDashBoard" name="seleniumInCourse" time="0.698"/>
  <testcase classname="JBK.JavaByKiranAutomationScenarios.TestDashBoard" name="navigationMenu" time="0.831"/>
</testsuite> <!-- JBK.JavaByKiranAutomationScenarios.TestDashBoard -->
