<?xml version="1.0" encoding="UTF-8"?>
<!-- Generated by org.testng.reporters.JUnitReportReporter -->
<testsuite hostname="DESKTOP-1UIQG5E" failures="0" tests="4" name="JBK.JavaByKiranAutomationScenarios.TestOperators$TestUsers" time="2.043" errors="0" timestamp="03 Aug 2023 12:08:25 GMT" skipped="1">
  <testcase classname="JBK.JavaByKiranAutomationScenarios.TestOperators$TestUsers" name="correctLoginWithKiran" time="1.717"/>
  <testcase classname="JBK.JavaByKiranAutomationScenarios.TestOperators$TestUsers" name="goToOperatorsPage" time="0.149"/>
  <testcase classname="JBK.JavaByKiranAutomationScenarios.TestOperators$TestUsers" name="operatorsWorkingDays" time="0.177"/>
  <testcase classname="JBK.JavaByKiranAutomationScenarios.TestOperators$TestUsers" name="opratorsAccess">
    <skipped/>
  </testcase> <!-- opratorsAccess -->
</testsuite> <!-- JBK.JavaByKiranAutomationScenarios.TestOperators$TestUsers -->
