<?xml version="1.0" encoding="UTF-8"?>
<!-- Generated by org.testng.reporters.JUnitReportReporter -->
<testsuite hostname="DESKTOP-1UIQG5E" failures="0" tests="5" name="JBK.JavaByKiranAutomationScenarios.TestLogin" time="7.417" errors="0" timestamp="03 Aug 2023 15:41:03 GMT" skipped="0">
  <testcase classname="JBK.JavaByKiranAutomationScenarios.TestLogin" name="validLogin" time="6.211"/>
  <testcase classname="JBK.JavaByKiranAutomationScenarios.TestLogin" name="invalidLogin" time="0.562"/>
  <testcase classname="JBK.JavaByKiranAutomationScenarios.TestLogin" name="inCorrectPassword" time="0.444"/>
  <testcase classname="JBK.JavaByKiranAutomationScenarios.TestLogin" name="jbkTitle" time="0.106"/>
  <testcase classname="JBK.JavaByKiranAutomationScenarios.TestLogin" name="jbkCourses" time="0.094"/>
</testsuite> <!-- JBK.JavaByKiranAutomationScenarios.TestLogin -->
