<?xml version="1.0" encoding="UTF-8"?>
<!-- Generated by org.testng.reporters.JUnitReportReporter -->
<testsuite hostname="DESKTOP-1UIQG5E" failures="0" tests="5" name="JBK.JavaByKiranAutomationScenarios.DashboardTest" time="0.368" errors="0" timestamp="28 Jul 2023 12:28:56 GMT" skipped="0">
  <testcase classname="JBK.JavaByKiranAutomationScenarios.DashboardTest" name="dashboardTextFetch" time="0.036"/>
  <testcase classname="JBK.JavaByKiranAutomationScenarios.DashboardTest" name="seleniumCourse" time="0.077"/>
  <testcase classname="JBK.JavaByKiranAutomationScenarios.DashboardTest" name="JavaJ2EECourse" time="0.077"/>
  <testcase classname="JBK.JavaByKiranAutomationScenarios.DashboardTest" name="PythonCourse" time="0.084"/>
  <testcase classname="JBK.JavaByKiranAutomationScenarios.DashboardTest" name="PhpCourse" time="0.094"/>
</testsuite> <!-- JBK.JavaByKiranAutomationScenarios.DashboardTest -->
